2022-05-07T10:24:37.123Z [my-ordersdelivery-api] info: API DELIVERY STARTED!
2022-05-07T10:27:13.738Z [my-ordersdelivery-api] info: API DELIVERY STARTED!
2022-05-07T10:34:05.967Z [my-ordersdelivery-api] info: API DELIVERY STARTED!
2022-05-07T10:34:11.317Z [my-ordersdelivery-api] info: GET /account
2022-05-07T10:34:46.957Z [my-ordersdelivery-api] info: API DELIVERY STARTED!
2022-05-07T10:36:27.522Z [my-ordersdelivery-api] info: API DELIVERY STARTED!
2022-05-07T10:36:32.509Z [my-ordersdelivery-api] info: GET /account
2022-05-07T10:36:41.911Z [my-ordersdelivery-api] info: GET /account
2022-05-07T10:37:43.885Z [my-ordersdelivery-api] info: API DELIVERY STARTED!
2022-05-07T10:42:49.102Z [my-ordersdelivery-api] info: API DELIVERY STARTED!
2022-05-07T11:23:23.415Z [my-ordersdelivery-api] info: API DELIVERY STARTED!
2022-05-07T11:23:38.069Z [my-ordersdelivery-api] info: API DELIVERY STARTED!
2022-05-07T11:23:47.799Z [my-ordersdelivery-api] info: API DELIVERY STARTED!
2022-05-07T11:23:54.014Z [my-ordersdelivery-api] error: GET /orders - datare is not defined
2022-05-07T11:24:32.249Z [my-ordersdelivery-api] info: API DELIVERY STARTED!
2022-05-07T11:24:59.737Z [my-ordersdelivery-api] info: API DELIVERY STARTED!
2022-05-07T11:25:02.094Z [my-ordersdelivery-api] error: GET /orders - datare is not defined
2022-05-07T11:25:12.664Z [my-ordersdelivery-api] info: API DELIVERY STARTED!
2022-05-07T11:25:14.021Z [my-ordersdelivery-api] error: GET /orders - datare is not defined
2022-05-07T11:25:23.560Z [my-ordersdelivery-api] info: API DELIVERY STARTED!
2022-05-07T11:25:24.726Z [my-ordersdelivery-api] error: GET /orders - datare is not defined
2022-05-07T11:27:42.589Z [my-ordersdelivery-api] info: API DELIVERY STARTED!
2022-05-07T11:29:27.975Z [my-ordersdelivery-api] info: API DELIVERY STARTED!
2022-05-07T11:29:31.072Z [my-ordersdelivery-api] info: GET /account
2022-05-07T12:15:49.951Z [my-ordersdelivery-api] info: API DELIVERY STARTED!
2022-05-07T12:16:17.661Z [my-ordersdelivery-api] info: API DELIVERY STARTED!
2022-05-07T12:17:01.999Z [my-ordersdelivery-api] info: API DELIVERY STARTED!
2022-05-07T12:17:20.951Z [my-ordersdelivery-api] info: API DELIVERY STARTED!
2022-05-07T12:18:05.040Z [my-ordersdelivery-api] info: API DELIVERY STARTED!
2022-05-07T12:23:49.237Z [my-ordersdelivery-api] info: API DELIVERY STARTED!
2022-05-07T12:27:02.174Z [my-ordersdelivery-api] info: API DELIVERY STARTED!
2022-05-07T12:27:03.822Z [my-ordersdelivery-api] info: POST /orders {"id":501,"cliente":"Johnny Freitas","produto":"Coxinha frando","valor":5,"entregue":false,"timestamp":"2022-05-07T12:27:03.812Z"}
2022-05-07T12:30:47.563Z [my-ordersdelivery-api] info: POST /orders {"id":502,"cliente":"Nandreza Batista","produto":"Pizza Portuguesa","valor":47,"entregue":false,"timestamp":"2022-05-07T12:30:47.561Z"}
2022-05-07T12:37:17.300Z [my-ordersdelivery-api] info: GET /orders
2022-05-07T12:54:39.882Z [my-ordersdelivery-api] info: API DELIVERY STARTED!
2022-05-07T12:55:37.658Z [my-ordersdelivery-api] info: API DELIVERY STARTED!
2022-05-07T12:59:00.849Z [my-ordersdelivery-api] info: API DELIVERY STARTED!
2022-05-07T13:00:07.850Z [my-ordersdelivery-api] info: API DELIVERY STARTED!
2022-05-07T13:06:48.240Z [my-ordersdelivery-api] info: API DELIVERY STARTED!
2022-05-07T13:06:52.945Z [my-ordersdelivery-api] error: PUT /orders - Registro não foi encontrado
2022-05-07T13:08:25.383Z [my-ordersdelivery-api] info: PUT /orders {"id":501,"cliente":"Nandreza Saddanie","produto":"Pizza doce","valor":52,"entregue":true,"timestamp":"2022-05-07T13:08:25.379Z"}
2022-05-07T13:08:51.400Z [my-ordersdelivery-api] info: GET /orders
2022-05-07T13:10:33.783Z [my-ordersdelivery-api] error: PUT /orders - Registro não foi encontrado
2022-05-07T13:18:15.477Z [my-ordersdelivery-api] info: API DELIVERY STARTED!
2022-05-07T13:18:38.498Z [my-ordersdelivery-api] info: API DELIVERY STARTED!
2022-05-07T13:19:40.402Z [my-ordersdelivery-api] info: API DELIVERY STARTED!
2022-05-07T13:25:49.169Z [my-ordersdelivery-api] info: API DELIVERY STARTED!
2022-05-07T13:26:35.208Z [my-ordersdelivery-api] info: API DELIVERY STARTED!
2022-05-07T13:27:09.626Z [my-ordersdelivery-api] info: API DELIVERY STARTED!
2022-05-07T13:30:36.849Z [my-ordersdelivery-api] info: API DELIVERY STARTED!
2022-05-07T13:31:45.971Z [my-ordersdelivery-api] info: API DELIVERY STARTED!
2022-05-07T13:32:57.631Z [my-ordersdelivery-api] error: GET /orders - Registro não foi encontrado
2022-05-07T13:33:07.579Z [my-ordersdelivery-api] error: GET /orders - Registro não foi encontrado
2022-05-07T13:33:12.747Z [my-ordersdelivery-api] info: GET /orders
2022-05-07T13:33:18.076Z [my-ordersdelivery-api] info: GET /orders
2022-05-07T13:33:31.653Z [my-ordersdelivery-api] error: GET /orders - Registro não foi encontrado
2022-05-07T13:36:48.872Z [my-ordersdelivery-api] info: API DELIVERY STARTED!
2022-05-07T13:36:56.002Z [my-ordersdelivery-api] info: GET /order/:id 5
2022-05-07T13:37:02.144Z [my-ordersdelivery-api] info: GET /order/:id 1
2022-05-07T13:37:08.379Z [my-ordersdelivery-api] info: GET /order/:id 501
2022-05-07T13:37:17.091Z [my-ordersdelivery-api] error: GET /orders - Registro não foi encontrado
2022-05-07T13:46:08.381Z [my-ordersdelivery-api] info: API DELIVERY STARTED!
2022-05-07T13:46:11.545Z [my-ordersdelivery-api] info: API DELIVERY STARTED!
2022-05-07T13:48:00.186Z [my-ordersdelivery-api] info: API DELIVERY STARTED!
2022-05-07T13:48:17.754Z [my-ordersdelivery-api] info: API DELIVERY STARTED!
2022-05-07T13:50:04.817Z [my-ordersdelivery-api] error: PATCH /orders - AccountService is not defined
2022-05-07T13:51:18.552Z [my-ordersdelivery-api] info: API DELIVERY STARTED!
2022-05-07T13:51:20.872Z [my-ordersdelivery-api] error: PATCH /orders - orderToUpdate is not defined
2022-05-07T13:51:35.401Z [my-ordersdelivery-api] info: API DELIVERY STARTED!
2022-05-07T13:51:37.273Z [my-ordersdelivery-api] info: PATCH /order/updateEntregue {"id":501,"entregue":true}
2022-05-07T13:52:13.615Z [my-ordersdelivery-api] info: GET /order/:id 501
2022-05-07T13:52:29.755Z [my-ordersdelivery-api] info: PATCH /order/updateEntregue {"id":501,"entregue":false}
2022-05-07T13:52:54.142Z [my-ordersdelivery-api] info: GET /order/:id 501
2022-05-07T13:53:45.982Z [my-ordersdelivery-api] info: PATCH /order/updateEntregue {"id":501,"produto":"teste erro","entregue":false}
2022-05-07T13:53:57.120Z [my-ordersdelivery-api] info: PATCH /order/updateEntregue {"id":501,"produto":"teste erro","entregue":true}
2022-05-07T13:55:33.827Z [my-ordersdelivery-api] info: API DELIVERY STARTED!
2022-05-07T14:06:00.613Z [my-ordersdelivery-api] info: API DELIVERY STARTED!
2022-05-07T14:09:16.631Z [my-ordersdelivery-api] info: API DELIVERY STARTED!
2022-05-07T14:09:39.660Z [my-ordersdelivery-api] info: API DELIVERY STARTED!
2022-05-07T14:13:41.287Z [my-ordersdelivery-api] info: API DELIVERY STARTED!
2022-05-07T14:14:13.510Z [my-ordersdelivery-api] info: API DELIVERY STARTED!
2022-05-07T14:15:55.899Z [my-ordersdelivery-api] info: API DELIVERY STARTED!
2022-05-07T14:16:37.244Z [my-ordersdelivery-api] info: GET /orders
2022-05-07T14:16:49.333Z [my-ordersdelivery-api] error: DELETE /orders - AccountService is not defined
2022-05-07T14:17:27.666Z [my-ordersdelivery-api] info: API DELIVERY STARTED!
2022-05-07T14:17:30.769Z [my-ordersdelivery-api] info: DELETE /order/:id - 502
2022-05-07T14:18:15.005Z [my-ordersdelivery-api] info: GET /orders
2022-05-07T14:20:09.604Z [my-ordersdelivery-api] info: API DELIVERY STARTED!
2022-05-07T14:20:53.757Z [my-ordersdelivery-api] info: POST /orders {"id":503,"cliente":"Batman begins","produto":"Pizza Portuguesa","valor":452,"entregue":false,"timestamp":"2022-05-07T14:20:53.745Z"}
2022-05-07T14:22:13.408Z [my-ordersdelivery-api] info: DELETE /order/:id - 503
2022-05-07T14:22:55.941Z [my-ordersdelivery-api] info: API DELIVERY STARTED!
2022-05-07T14:23:25.580Z [my-ordersdelivery-api] info: GET /order/:id 501
2022-05-07T14:23:32.729Z [my-ordersdelivery-api] info: GET /order/:id 323
2022-05-07T14:32:47.135Z [my-ordersdelivery-api] info: POST /orders {"id":502,"cliente":"Batman begins","produto":"","valor":452,"entregue":false,"timestamp":"2022-05-07T14:32:47.130Z"}
2022-05-07T14:35:32.545Z [my-ordersdelivery-api] info: API DELIVERY STARTED!
2022-05-07T14:36:20.283Z [my-ordersdelivery-api] info: API DELIVERY STARTED!
2022-05-07T14:39:52.347Z [my-ordersdelivery-api] error: POST /orders - Cliente, valor e produto são obrigatorios!
2022-05-07T14:40:05.469Z [my-ordersdelivery-api] error: PUT /orders - Cliente, valor e produto são obrigatorios!
2022-05-07T14:48:17.496Z [my-ordersdelivery-api] info: API DELIVERY STARTED!
2022-05-07T14:53:39.874Z [my-ordersdelivery-api] info: API DELIVERY STARTED!
2022-05-07T14:53:47.774Z [my-ordersdelivery-api] info: API DELIVERY STARTED!
2022-05-07T14:55:12.015Z [my-ordersdelivery-api] info: API DELIVERY STARTED!
2022-05-07T14:56:29.616Z [my-ordersdelivery-api] info: GET /orders
2022-05-07T14:56:56.409Z [my-ordersdelivery-api] error: GET /orders - Registro não foi encontrado
2022-05-07T14:58:59.634Z [my-ordersdelivery-api] info: API DELIVERY STARTED!
2022-05-07T14:59:02.038Z [my-ordersdelivery-api] error: GET /orders - Registro não foi encontrado 1
2022-05-07T15:03:02.593Z [my-ordersdelivery-api] info: PATCH /order/updateEntregue {"id":501,"produto":"teste erro","entregue":false}
2022-05-07T15:04:41.490Z [my-ordersdelivery-api] info: API DELIVERY STARTED!
2022-05-07T15:04:45.047Z [my-ordersdelivery-api] error: GET /orders - Registro não foi encontrado 1
2022-05-07T15:07:50.364Z [my-ordersdelivery-api] info: API DELIVERY STARTED!
2022-05-07T15:07:52.373Z [my-ordersdelivery-api] info: API DELIVERY STARTED!
2022-05-07T15:08:50.021Z [my-ordersdelivery-api] info: API DELIVERY STARTED!
2022-05-07T15:09:04.049Z [my-ordersdelivery-api] info: API DELIVERY STARTED!
2022-05-07T15:09:07.897Z [my-ordersdelivery-api] error: GET /orders - Registro não foi encontrado 1
2022-05-07T15:09:40.758Z [my-ordersdelivery-api] info: API DELIVERY STARTED!
2022-05-07T15:11:06.805Z [my-ordersdelivery-api] info: API DELIVERY STARTED!
2022-05-07T15:11:09.305Z [my-ordersdelivery-api] error: GET /orders - Registro não foi encontrado 1
2022-05-07T15:11:53.316Z [my-ordersdelivery-api] info: API DELIVERY STARTED!
2022-05-07T15:11:55.682Z [my-ordersdelivery-api] error: GET /orders - Registro não foi encontrado 1
2022-05-07T15:13:58.802Z [my-ordersdelivery-api] info: API DELIVERY STARTED!
2022-05-07T15:14:02.406Z [my-ordersdelivery-api] error: GET /orders - Registro não foi encontrado 1
2022-05-07T15:15:30.819Z [my-ordersdelivery-api] info: API DELIVERY STARTED!
2022-05-07T15:15:31.785Z [my-ordersdelivery-api] error: GET /orders - Registro não foi encontrado 1
2022-05-07T15:16:21.916Z [my-ordersdelivery-api] info: GET /order/:id 312
2022-05-07T15:19:34.008Z [my-ordersdelivery-api] info: API DELIVERY STARTED!
2022-05-07T15:27:26.004Z [my-ordersdelivery-api] info: API DELIVERY STARTED!
2022-05-07T15:27:28.123Z [my-ordersdelivery-api] info: API DELIVERY STARTED!
2022-05-07T15:27:29.775Z [my-ordersdelivery-api] info: API DELIVERY STARTED!
2022-05-07T15:27:38.877Z [my-ordersdelivery-api] info: API DELIVERY STARTED!
2022-05-07T15:27:44.789Z [my-ordersdelivery-api] error: GET /orders - Registro não foi encontrado 1
2022-05-07T15:28:08.957Z [my-ordersdelivery-api] info: API DELIVERY STARTED!
2022-05-07T15:28:10.677Z [my-ordersdelivery-api] info: GET /orders
2022-05-07T15:28:37.434Z [my-ordersdelivery-api] info: API DELIVERY STARTED!
2022-05-07T15:28:39.727Z [my-ordersdelivery-api] error: GET /orders - ordersClient is not defined
2022-05-07T15:29:54.174Z [my-ordersdelivery-api] error: GET /orders - ordersClient is not defined
2022-05-07T15:30:00.400Z [my-ordersdelivery-api] info: API DELIVERY STARTED!
2022-05-07T15:31:06.563Z [my-ordersdelivery-api] info: API DELIVERY STARTED!
2022-05-07T15:31:14.165Z [my-ordersdelivery-api] error: GET /orders - Registro não foi encontrado 1
2022-05-07T15:32:08.079Z [my-ordersdelivery-api] error: GET /orders - Registro não foi encontrado 1
2022-05-07T15:32:27.930Z [my-ordersdelivery-api] info: API DELIVERY STARTED!
2022-05-07T15:32:29.982Z [my-ordersdelivery-api] error: GET /orders - Registro não foi encontrado 1
2022-05-07T15:33:29.803Z [my-ordersdelivery-api] info: API DELIVERY STARTED!
2022-05-07T15:33:54.994Z [my-ordersdelivery-api] error: GET /orders - Registro não foi encontrado 1
2022-05-07T15:34:18.487Z [my-ordersdelivery-api] info: API DELIVERY STARTED!
2022-05-07T15:34:21.137Z [my-ordersdelivery-api] error: GET /orders - Registro não foi encontrado 1
2022-05-07T15:34:22.366Z [my-ordersdelivery-api] error: GET /orders - Registro não foi encontrado 1
2022-05-07T15:34:22.747Z [my-ordersdelivery-api] error: GET /orders - Registro não foi encontrado 1
2022-05-07T15:34:23.061Z [my-ordersdelivery-api] error: GET /orders - Registro não foi encontrado 1
2022-05-07T15:49:55.557Z [my-ordersdelivery-api] error: GET /orders - Registro não foi encontrado 1
2022-05-07T15:50:23.676Z [my-ordersdelivery-api] info: API DELIVERY STARTED!
2022-05-07T15:50:25.701Z [my-ordersdelivery-api] error: GET /orders - Registro não foi encontrado 1
2022-05-07T15:50:27.701Z [my-ordersdelivery-api] error: GET /orders - Registro não foi encontrado 1
2022-05-07T15:51:15.792Z [my-ordersdelivery-api] info: API DELIVERY STARTED!
2022-05-07T15:52:38.803Z [my-ordersdelivery-api] info: API DELIVERY STARTED!
2022-05-07T15:52:43.600Z [my-ordersdelivery-api] info: GET /orders
2022-05-07T15:53:01.569Z [my-ordersdelivery-api] info: API DELIVERY STARTED!
2022-05-07T15:53:16.433Z [my-ordersdelivery-api] error: GET /orders - Registro não foi encontrado 1
2022-05-07T15:53:53.517Z [my-ordersdelivery-api] info: API DELIVERY STARTED!
2022-05-07T15:54:17.426Z [my-ordersdelivery-api] info: API DELIVERY STARTED!
2022-05-07T15:54:19.672Z [my-ordersdelivery-api] info: GET /orders
2022-05-07T15:54:27.260Z [my-ordersdelivery-api] info: GET /orders
2022-05-07T15:55:12.066Z [my-ordersdelivery-api] info: API DELIVERY STARTED!
2022-05-07T15:55:22.291Z [my-ordersdelivery-api] error: GET /orders - Registro não foi encontrado 1
2022-05-07T15:55:40.312Z [my-ordersdelivery-api] info: API DELIVERY STARTED!
2022-05-07T15:55:44.838Z [my-ordersdelivery-api] error: GET /orders - Registro não foi encontrado 1
2022-05-07T15:56:00.477Z [my-ordersdelivery-api] info: API DELIVERY STARTED!
2022-05-07T15:56:02.071Z [my-ordersdelivery-api] error: GET /orders - Registro não foi encontrado 1
2022-05-07T15:56:03.351Z [my-ordersdelivery-api] error: GET /orders - Registro não foi encontrado 1
2022-05-07T15:56:24.587Z [my-ordersdelivery-api] info: API DELIVERY STARTED!
2022-05-07T16:00:19.421Z [my-ordersdelivery-api] info: API DELIVERY STARTED!
2022-05-07T16:03:27.127Z [my-ordersdelivery-api] info: API DELIVERY STARTED!
2022-05-07T16:03:41.029Z [my-ordersdelivery-api] info: API DELIVERY STARTED!
2022-05-07T16:03:57.103Z [my-ordersdelivery-api] info: API DELIVERY STARTED!
2022-05-07T16:05:07.679Z [my-ordersdelivery-api] error: PUT /orders - Registro não foi encontrado 2
2022-05-07T16:05:13.681Z [my-ordersdelivery-api] info: PUT /orders {"id":502,"cliente":"Batman begins","produto":"Pizza Salame","valor":52,"entregue":true,"timestamp":"2022-05-07T16:05:13.677Z"}
2022-05-07T16:15:53.564Z [my-ordersdelivery-api] info: API DELIVERY STARTED!
2022-05-07T16:17:05.304Z [my-ordersdelivery-api] error: GET /orders - Registro não foi encontrado 1
2022-05-07T16:17:11.179Z [my-ordersdelivery-api] error: GET /orders - Registro não foi encontrado 1
2022-05-07T16:17:42.671Z [my-ordersdelivery-api] info: API DELIVERY STARTED!
2022-05-07T16:17:43.978Z [my-ordersdelivery-api] error: GET /orders - Registro não foi encontrado 1
2022-05-07T16:17:50.994Z [my-ordersdelivery-api] info: API DELIVERY STARTED!
2022-05-07T16:17:51.949Z [my-ordersdelivery-api] error: GET /orders - Registro não foi encontrado 1
2022-05-07T16:18:13.775Z [my-ordersdelivery-api] info: API DELIVERY STARTED!
2022-05-07T16:18:14.775Z [my-ordersdelivery-api] error: GET /orders - Registro não foi encontrado 1
2022-05-07T16:18:20.840Z [my-ordersdelivery-api] error: GET /orders - Registro não foi encontrado 1
2022-05-07T16:18:23.535Z [my-ordersdelivery-api] error: GET /orders - Registro não foi encontrado 1
2022-05-07T16:19:04.133Z [my-ordersdelivery-api] error: GET /orders - Registro não foi encontrado 1
2022-05-07T16:19:08.066Z [my-ordersdelivery-api] error: GET /orders - Registro não foi encontrado 1
2022-05-07T16:19:32.816Z [my-ordersdelivery-api] info: API DELIVERY STARTED!
2022-05-07T16:19:34.656Z [my-ordersdelivery-api] error: GET /orders - Registro não foi encontrado 1
2022-05-07T16:19:38.090Z [my-ordersdelivery-api] info: API DELIVERY STARTED!
2022-05-07T16:19:39.607Z [my-ordersdelivery-api] error: GET /orders - Registro não foi encontrado 1
2022-05-07T16:21:44.078Z [my-ordersdelivery-api] info: POST /orders {"id":503,"cliente":"Batman begins","produto":"Coxinha","valor":50,"entregue":false,"timestamp":"2022-05-07T16:21:44.074Z"}
2022-05-07T16:22:20.386Z [my-ordersdelivery-api] info: GET /orders
2022-05-07T16:28:45.105Z [my-ordersdelivery-api] info: API DELIVERY STARTED!
2022-05-07T16:28:53.513Z [my-ordersdelivery-api] error: GET /orders - OrdersValue is not defined
2022-05-07T16:30:14.211Z [my-ordersdelivery-api] info: API DELIVERY STARTED!
2022-05-07T16:30:32.661Z [my-ordersdelivery-api] info: API DELIVERY STARTED!
2022-05-07T16:30:41.218Z [my-ordersdelivery-api] error: GET /orders - OrdersValue is not defined
2022-05-07T16:30:42.363Z [my-ordersdelivery-api] error: GET /orders - OrdersValue is not defined
2022-05-07T16:30:44.183Z [my-ordersdelivery-api] error: GET /orders - OrdersValue is not defined
2022-05-07T16:30:54.852Z [my-ordersdelivery-api] info: API DELIVERY STARTED!
2022-05-07T16:30:55.487Z [my-ordersdelivery-api] error: GET /orders - Invalid status code: 52
2022-05-07T16:31:37.523Z [my-ordersdelivery-api] info: API DELIVERY STARTED!
2022-05-07T16:31:39.411Z [my-ordersdelivery-api] error: GET /orders - The first argument must be of type string or an instance of Buffer, ArrayBuffer, or Array or an Array-like Object. Received function toString
2022-05-07T16:33:38.629Z [my-ordersdelivery-api] info: API DELIVERY STARTED!
2022-05-07T16:34:29.859Z [my-ordersdelivery-api] info: API DELIVERY STARTED!
2022-05-07T16:34:37.189Z [my-ordersdelivery-api] info: API DELIVERY STARTED!
2022-05-07T16:40:50.477Z [my-ordersdelivery-api] info: API DELIVERY STARTED!
2022-05-07T16:41:00.497Z [my-ordersdelivery-api] info: API DELIVERY STARTED!
2022-05-07T16:44:48.190Z [my-ordersdelivery-api] info: POST /orders {"id":504,"cliente":"Batman begins","produto":"caramelo","valor":5,"entregue":false,"timestamp":"2022-05-07T16:44:48.185Z"}
2022-05-07T16:49:39.017Z [my-ordersdelivery-api] info: API DELIVERY STARTED!
2022-05-07T16:50:10.416Z [my-ordersdelivery-api] info: GET /orders
2022-05-07T16:50:33.202Z [my-ordersdelivery-api] info: PATCH /order/updateEntregue {"id":503,"produto":"teste erro","entregue":true}
2022-05-07T16:50:44.246Z [my-ordersdelivery-api] info: PATCH /order/updateEntregue {"id":504,"produto":"teste erro","entregue":true}
2022-05-07T16:51:12.179Z [my-ordersdelivery-api] info: API DELIVERY STARTED!
2022-05-07T16:53:44.800Z [my-ordersdelivery-api] info: API DELIVERY STARTED!
2022-05-07T16:53:57.675Z [my-ordersdelivery-api] info: API DELIVERY STARTED!
2022-05-07T16:56:45.021Z [my-ordersdelivery-api] info: API DELIVERY STARTED!
2022-05-07T16:57:32.112Z [my-ordersdelivery-api] info: API DELIVERY STARTED!
2022-05-07T17:00:23.805Z [my-ordersdelivery-api] info: API DELIVERY STARTED!
2022-05-07T17:00:36.727Z [my-ordersdelivery-api] info: API DELIVERY STARTED!
2022-05-07T17:01:21.162Z [my-ordersdelivery-api] info: GET /orders
2022-05-07T17:25:51.805Z [my-ordersdelivery-api] info: API DELIVERY STARTED!
2022-05-07T17:26:25.978Z [my-ordersdelivery-api] info: API DELIVERY STARTED!
2022-05-07T17:27:12.009Z [my-ordersdelivery-api] info: API DELIVERY STARTED!
2022-05-07T17:27:23.347Z [my-ordersdelivery-api] info: API DELIVERY STARTED!
2022-05-07T17:31:33.881Z [my-ordersdelivery-api] info: API DELIVERY STARTED!
2022-05-07T17:34:50.054Z [my-ordersdelivery-api] info: API DELIVERY STARTED!
2022-05-07T17:37:34.020Z [my-ordersdelivery-api] info: API DELIVERY STARTED!
2022-05-07T17:37:46.230Z [my-ordersdelivery-api] info: API DELIVERY STARTED!
2022-05-07T17:42:02.245Z [my-ordersdelivery-api] info: API DELIVERY STARTED!
2022-05-07T17:43:15.043Z [my-ordersdelivery-api] info: API DELIVERY STARTED!
2022-05-07T17:54:28.137Z [my-ordersdelivery-api] info: API DELIVERY STARTED!
2022-05-07T17:55:27.465Z [my-ordersdelivery-api] info: API DELIVERY STARTED!
2022-05-07T17:57:36.735Z [my-ordersdelivery-api] info: API DELIVERY STARTED!
2022-05-07T17:58:45.056Z [my-ordersdelivery-api] info: API DELIVERY STARTED!
2022-05-07T17:59:18.019Z [my-ordersdelivery-api] info: API DELIVERY STARTED!
2022-05-07T18:00:39.882Z [my-ordersdelivery-api] info: API DELIVERY STARTED!
2022-05-07T18:00:47.954Z [my-ordersdelivery-api] error: GET /orders - Registro não foi encontrado
2022-05-07T18:02:16.990Z [my-ordersdelivery-api] info: API DELIVERY STARTED!
2022-05-07T18:02:18.218Z [my-ordersdelivery-api] error: GET /orders - Registro não foi encontrado 1
2022-05-07T18:04:07.648Z [my-ordersdelivery-api] info: API DELIVERY STARTED!
2022-05-07T18:06:55.794Z [my-ordersdelivery-api] info: API DELIVERY STARTED!
2022-05-07T18:08:11.885Z [my-ordersdelivery-api] info: API DELIVERY STARTED!
2022-05-07T18:11:03.531Z [my-ordersdelivery-api] info: API DELIVERY STARTED!
2022-05-07T18:11:07.122Z [my-ordersdelivery-api] error: GET /orders - allOrdersEntregues is not defined
2022-05-07T18:11:18.667Z [my-ordersdelivery-api] info: API DELIVERY STARTED!
2022-05-07T18:12:42.353Z [my-ordersdelivery-api] info: API DELIVERY STARTED!
2022-05-07T18:13:38.277Z [my-ordersdelivery-api] info: API DELIVERY STARTED!
2022-05-07T18:13:45.620Z [my-ordersdelivery-api] error: GET /orders - Registro não foi encontrado 1
2022-05-07T18:14:00.702Z [my-ordersdelivery-api] info: API DELIVERY STARTED!
2022-05-07T18:19:04.578Z [my-ordersdelivery-api] info: API DELIVERY STARTED!
2022-05-07T18:19:49.729Z [my-ordersdelivery-api] info: API DELIVERY STARTED!
2022-05-07T18:19:57.708Z [my-ordersdelivery-api] error: GET /orders - Cannot read properties of undefined (reading 'localeCompare')
2022-05-07T18:20:34.078Z [my-ordersdelivery-api] info: API DELIVERY STARTED!
2022-05-07T18:45:31.960Z [my-ordersdelivery-api] info: API DELIVERY STARTED!
2022-05-07T18:54:22.332Z [my-ordersdelivery-api] info: POST /orders {"id":505,"cliente":"Rosaura Azenha","produto":"Pizza Pepperoni","valor":32.5,"entregue":false,"timestamp":"2022-05-07T18:54:22.327Z"}
2022-05-07T18:55:07.389Z [my-ordersdelivery-api] info: PATCH /order/updateEntregue {"id":505,"produto":"teste erro","entregue":true}
2022-05-07T18:57:31.639Z [my-ordersdelivery-api] info: GET /order/:id 317
2022-05-07T18:58:43.945Z [my-ordersdelivery-api] info: DELETE /order/:id - 317
2022-05-07T18:59:44.231Z [my-ordersdelivery-api] info: GET /order/:id 216
